<?xml version="1.0" encoding="UTF-8"?>
<testsuite xmlns:xsi="http://www.w3.org/2001/XMLSchema-instance" xsi:noNamespaceSchemaLocation="https://maven.apache.org/surefire/maven-surefire-plugin/xsd/surefire-test-report.xsd" name="com.RestApiForCalculator.testCalciController.TestCalciCalculator" time="2.052" tests="9" errors="0" skipped="0" failures="0">
  <properties>
[...]
</properties>
  <testcase name="testMaxMinWithEmptyInput" classname="com.RestApiForCalculator.testCalciController.TestCalciCalculator" time="0.3"/>
  <testcase name="testFactorial" classname="com.RestApiForCalculator.testCalciController.TestCalciCalculator" time="0.024"/>
  <testcase name="testMultiplication" classname="com.RestApiForCalculator.testCalciController.TestCalciCalculator" time="0.009"/>
  <testcase name="testAddition" classname="com.RestApiForCalculator.testCalciController.TestCalciCalculator" time="0.005"/>
  <testcase name="testDivision" classname="com.RestApiForCalculator.testCalciController.TestCalciCalculator" time="0.009"/>
  <testcase name="testSquareroot" classname="com.RestApiForCalculator.testCalciController.TestCalciCalculator" time="0.008"/>
  <testcase name="testMaxMin" classname="com.RestApiForCalculator.testCalciController.TestCalciCalculator" time="0.009"/>
  <testcase name="testSquare" classname="com.RestApiForCalculator.testCalciController.TestCalciCalculator" time="0.009"/>
  <testcase name="testSubtraction" classname="com.RestApiForCalculator.testCalciController.TestCalciCalculator" time="0.009"/>
</testsuite>